\BOOKMARK [0][-]{chapter.1}{\376\377\173\054\0001\172\340\000\040\000\040\123\116\116\072\116\221\163\257\130\203\117\341\140\157}{}% 1
\BOOKMARK [1][-]{section.1.1}{\376\377\0001\000.\0001\000\040\213\276\213\241\166\356\150\007\116\016\140\073\117\123\147\266\147\204}{chapter.1}% 2
\BOOKMARK [1][-]{section.1.2}{\376\377\0001\000.\0002\000\040\123\116\116\072\116\221\147\015\122\241\116\016\215\046\123\367\117\341\140\157}{chapter.1}% 3
\BOOKMARK [1][-]{section.1.3}{\376\377\0001\000.\0003\000\040\000C\000C\000E\000\040\226\306\177\244\116\016\202\202\160\271\211\304\150\074}{chapter.1}% 4
\BOOKMARK [0][-]{chapter.2}{\376\377\173\054\0002\172\340\000\040\000\040\173\054\116\000\220\350\122\006\377\032\116\221\213\241\173\227\136\163\123\360\144\055\136\372}{}% 5
\BOOKMARK [1][-]{section.2.1}{\376\377\0002\000.\0001\000\040\116\373\122\241\0001\377\032\136\224\165\050\133\271\126\150\123\026}{chapter.2}% 6
\BOOKMARK [2][-]{subsection.2.1.1}{\376\377\0002\000.\0001\000.\0001\000\040\124\016\172\357\225\134\120\317\377\010\131\032\226\066\153\265\147\204\136\372\000\040\000+\000\040\201\352\220\011\123\005\377\011}{section.2.1}% 7
\BOOKMARK [2][-]{subsection.2.1.2}{\376\377\0002\000.\0001\000.\0002\000\040\122\115\172\357\225\134\120\317\377\010\124\053\133\146\123\367\131\323\124\015\377\011}{section.2.1}% 8
\BOOKMARK [2][-]{subsection.2.1.3}{\376\377\0002\000.\0001\000.\0003\000\040\147\054\127\060\200\124\214\003\116\016\143\250\220\001\000\040\000S\000W\000R}{section.2.1}% 9
\BOOKMARK [1][-]{section.2.2}{\376\377\0002\000.\0002\000\040\116\373\122\241\0002\377\032\000C\000C\000E\000\040\226\306\177\244\144\055\136\372}{chapter.2}% 10
\BOOKMARK [1][-]{section.2.3}{\376\377\0002\000.\0003\000\040\116\373\122\241\0003\377\032\136\224\165\050\220\350\177\162}{chapter.2}% 11
\BOOKMARK [1][-]{section.2.4}{\376\377\0002\000.\0004\000\040\116\373\122\241\0004\377\032\143\001\116\105\123\026\133\130\120\250}{chapter.2}% 12
\BOOKMARK [1][-]{section.2.5}{\376\377\0002\000.\0005\000\040\116\373\122\241\0005\377\032\000C\000o\000n\000f\000i\000g\000M\000a\000p\000\040\000V\000o\000l\000u\000m\000e\000\040\143\002\217\175}{chapter.2}% 13
\BOOKMARK [2][-]{subsection.2.5.1}{\376\377\0002\000.\0005\000.\0001\000\040\000V\000o\000l\000u\000m\000e\000\040\143\002\217\175\116\016\000\040\000e\000n\000v\000F\000r\000o\000m\000\040\116\044\171\315\145\271\137\017\166\204\220\002\165\050\127\072\146\157}{section.2.5}% 14
\BOOKMARK [1][-]{section.2.6}{\376\377\0002\000.\0006\000\040\116\373\122\241\0006\377\032\000H\000P\000A\000\040\137\071\140\047\117\070\177\051}{chapter.2}% 15
\BOOKMARK [2][-]{subsection.2.6.1}{\376\377\0002\000.\0006\000.\0001\000\040\176\323\147\234\122\006\147\220\377\032\142\151\133\271\136\366\217\337\060\001\121\267\123\164\145\366\225\364\116\016\226\115\147\054\116\367\120\074}{section.2.6}% 16
\BOOKMARK [0][-]{chapter.3}{\376\377\173\054\0003\172\340\000\040\000\040\173\054\116\214\220\350\122\006\377\032\000S\000p\000a\000r\000k\000\040\131\047\145\160\143\156\122\006\147\220}{}% 17
\BOOKMARK [1][-]{section.3.1}{\376\377\0003\000.\0001\000\040\000A\000-\0000\377\032\163\257\130\203\220\350\177\162}{chapter.3}% 18
\BOOKMARK [2][-]{subsection.3.1.1}{\376\377\0003\000.\0001\000.\0001\000\040\000S\000p\000a\000r\000k\000\040\000O\000p\000e\000r\000a\000t\000o\000r\000\040\133\211\210\305}{section.3.1}% 19
\BOOKMARK [2][-]{subsection.3.1.2}{\376\377\0003\000.\0001\000.\0002\000\040\121\163\225\056\225\356\230\230\377\032\000E\000x\000e\000c\000u\000t\000o\000r\000\040\126\340\000\040\000C\000P\000U\000\040\213\367\154\102\116\015\215\263\145\340\154\325\214\003\136\246}{section.3.1}% 20
\BOOKMARK [2][-]{subsection.3.1.3}{\376\377\0003\000.\0001\000.\0003\000\040\000W\000o\000r\000d\000C\000o\000u\000n\000t\000\040\232\214\213\301}{section.3.1}% 21
\BOOKMARK [1][-]{section.3.2}{\376\377\0003\000.\0002\000\040\000A\000-\0001\377\032\145\160\143\156\156\005\155\027}{chapter.3}% 22
\BOOKMARK [1][-]{section.3.3}{\376\377\0003\000.\0003\000\040\000A\000-\0002\377\032\000S\000p\000a\000r\000k\000\040\000S\000Q\000L\000\040\176\337\213\241\122\006\147\220}{chapter.3}% 23
\BOOKMARK [2][-]{subsection.3.3.1}{\376\377\0003\000.\0003\000.\0001\000\040\000Q\0001\377\032\124\004\165\065\137\161\174\173\127\213\145\160\221\317\116\016\136\163\127\107\213\304\122\006\377\010\000G\000R\000O\000U\000P\000\040\000B\000Y\377\011}{section.3.3}% 24
\BOOKMARK [2][-]{subsection.3.3.2}{\376\377\0003\000.\0003\000.\0002\000\040\000Q\0002\377\032\232\330\122\006\165\065\137\161\000\040\000T\000o\000p\0001\0000\377\010\000O\000R\000D\000E\000R\000\040\000B\000Y\000\040\000T\000o\000p\000-\000N\377\011}{section.3.3}% 25
\BOOKMARK [2][-]{subsection.3.3.3}{\376\377\0003\000.\0003\000.\0003\000\040\000Q\0003\377\032\124\004\136\164\116\343\165\065\137\161\145\160\221\317\116\016\136\163\127\107\213\304\122\006\215\213\122\277\377\010\145\366\225\364\176\364\136\246\377\011}{section.3.3}% 26
\BOOKMARK [2][-]{subsection.3.3.4}{\376\377\0003\000.\0003\000.\0004\000\040\000Q\0004\377\032\153\317\116\052\174\173\127\213\213\304\122\006\147\000\232\330\166\204\165\065\137\161\377\010\172\227\123\343\121\375\145\160\377\011}{section.3.3}% 27
\BOOKMARK [2][-]{subsection.3.3.5}{\376\377\0003\000.\0003\000.\0005\000\040\000Q\0005\377\032\232\330\116\216\147\054\136\164\116\343\136\163\127\107\122\006\166\204\176\317\121\170\165\065\137\161\377\010\000J\000O\000I\000N\377\011}{section.3.3}% 28
\BOOKMARK [1][-]{section.3.4}{\376\377\0003\000.\0004\000\040\000A\000-\0003\377\032\140\047\200\375\133\371\153\324\116\016\000\040\000A\000m\000d\000a\000h\000l\000\040\122\006\147\220}{chapter.3}% 29
\BOOKMARK [0][-]{chapter.4}{\376\377\173\054\0004\172\340\000\040\000\040\123\140\117\115\172\340\202\202\000\040\0000\0003\000-\000b\000o\000n\000u\000s}{}% 30
\BOOKMARK [0][-]{chapter.5}{\376\377\173\054\0005\172\340\000\040\000\040\140\073\176\323\116\016\145\066\203\267}{}% 31
\BOOKMARK [0][-]{chapter.6}{\376\377\173\054\0006\172\340\000\040\000\040\226\104\137\125}{}% 32
\BOOKMARK [1][-]{section.6.1}{\376\377\0006\000.\0001\000\040\116\343\170\001\116\323\136\223}{chapter.6}% 33
\BOOKMARK [1][-]{section.6.2}{\376\377\0006\000.\0002\000\040\121\163\225\056\215\104\156\220\156\005\123\125}{chapter.6}% 34
\BOOKMARK [1][-]{section.6.3}{\376\377\0006\000.\0003\000\040\225\134\120\317\156\005\123\125\377\010\000S\000W\000R\000\040\000g\000r\000o\000u\000p\0001\0007\377\011}{chapter.6}% 35
